<?xml version="1.0" encoding="UTF-8"?>
<!-- Generated by org.testng.reporters.JUnitXMLReporter -->
<testsuite hostname="SSTPRLAP002" ignored="0" name="TES-T1_Bank Manager Login Test" tests="1" failures="1" timestamp="17 Sep 2018 13:15:18 GMT" time="8.602" errors="0">
  <testcase name="bankManagerLoginTest" time="7.887" classname="com.SST.testcases.TES_T1_BankManagerLoginTest">
    <failure type="java.lang.AssertionError" message="Login not successful">
      <![CDATA[java.lang.AssertionError: Login not successful
	at com.SST.testcases.TES_T1_BankManagerLoginTest.bankManagerLoginTest(TES_T1_BankManagerLoginTest.java:28)
... Removed 29 stack frames]]>
    </failure>
  </testcase> <!-- bankManagerLoginTest -->
</testsuite> <!-- TES-T1_Bank Manager Login Test -->
